NOTE: Picked up JDK_JAVA_OPTIONS:  --add-opens=java.base/java.lang=ALL-UNNAMED --add-opens=java.base/java.io=ALL-UNNAMED --add-opens=java.rmi/sun.rmi.transport=ALL-UNNAMED
09-Jul-2018 16:01:18.421 INFO [main] org.apache.catalina.startup.VersionLoggerListener.log Server version:        Apache Tomcat/9.0.10
09-Jul-2018 16:01:18.430 INFO [main] org.apache.catalina.startup.VersionLoggerListener.log Server built:          Jun 20 2018 17:32:21 UTC
09-Jul-2018 16:01:18.430 INFO [main] org.apache.catalina.startup.VersionLoggerListener.log Server number:         9.0.10.0
09-Jul-2018 16:01:18.430 INFO [main] org.apache.catalina.startup.VersionLoggerListener.log OS Name:               Mac OS X
09-Jul-2018 16:01:18.430 INFO [main] org.apache.catalina.startup.VersionLoggerListener.log OS Version:            10.13.5
09-Jul-2018 16:01:18.431 INFO [main] org.apache.catalina.startup.VersionLoggerListener.log Architecture:          x86_64
09-Jul-2018 16:01:18.431 INFO [main] org.apache.catalina.startup.VersionLoggerListener.log Java Home:             /Library/Java/JavaVirtualMachines/jdk-10.0.1.jdk/Contents/Home
09-Jul-2018 16:01:18.431 INFO [main] org.apache.catalina.startup.VersionLoggerListener.log JVM Version:           10.0.1+10
09-Jul-2018 16:01:18.431 INFO [main] org.apache.catalina.startup.VersionLoggerListener.log JVM Vendor:            "Oracle Corporation"
09-Jul-2018 16:01:18.431 INFO [main] org.apache.catalina.startup.VersionLoggerListener.log CATALINA_BASE:         /Users/lightwingng/Downloads/apache-tomcat-9.0.10
09-Jul-2018 16:01:18.431 INFO [main] org.apache.catalina.startup.VersionLoggerListener.log CATALINA_HOME:         /Users/lightwingng/Downloads/apache-tomcat-9.0.10
09-Jul-2018 16:01:18.433 INFO [main] org.apache.catalina.startup.VersionLoggerListener.log Command line argument: --add-opens=java.base/java.lang=ALL-UNNAMED
09-Jul-2018 16:01:18.433 INFO [main] org.apache.catalina.startup.VersionLoggerListener.log Command line argument: --add-opens=java.base/java.io=ALL-UNNAMED
09-Jul-2018 16:01:18.434 INFO [main] org.apache.catalina.startup.VersionLoggerListener.log Command line argument: --add-opens=java.rmi/sun.rmi.transport=ALL-UNNAMED
09-Jul-2018 16:01:18.434 INFO [main] org.apache.catalina.startup.VersionLoggerListener.log Command line argument: -Djava.util.logging.config.file=/Users/lightwingng/Downloads/apache-tomcat-9.0.10/conf/logging.properties
09-Jul-2018 16:01:18.434 INFO [main] org.apache.catalina.startup.VersionLoggerListener.log Command line argument: -Djava.util.logging.manager=org.apache.juli.ClassLoaderLogManager
09-Jul-2018 16:01:18.435 INFO [main] org.apache.catalina.startup.VersionLoggerListener.log Command line argument: -Djdk.tls.ephemeralDHKeySize=2048
09-Jul-2018 16:01:18.435 INFO [main] org.apache.catalina.startup.VersionLoggerListener.log Command line argument: -Djava.protocol.handler.pkgs=org.apache.catalina.webresources
09-Jul-2018 16:01:18.435 INFO [main] org.apache.catalina.startup.VersionLoggerListener.log Command line argument: -Dorg.apache.catalina.security.SecurityListener.UMASK=0027
09-Jul-2018 16:01:18.435 INFO [main] org.apache.catalina.startup.VersionLoggerListener.log Command line argument: -Dignore.endorsed.dirs=
09-Jul-2018 16:01:18.436 INFO [main] org.apache.catalina.startup.VersionLoggerListener.log Command line argument: -Dcatalina.base=/Users/lightwingng/Downloads/apache-tomcat-9.0.10
09-Jul-2018 16:01:18.436 INFO [main] org.apache.catalina.startup.VersionLoggerListener.log Command line argument: -Dcatalina.home=/Users/lightwingng/Downloads/apache-tomcat-9.0.10
09-Jul-2018 16:01:18.436 INFO [main] org.apache.catalina.startup.VersionLoggerListener.log Command line argument: -Djava.io.tmpdir=/Users/lightwingng/Downloads/apache-tomcat-9.0.10/temp
09-Jul-2018 16:01:18.437 INFO [main] org.apache.catalina.core.AprLifecycleListener.lifecycleEvent The APR based Apache Tomcat Native library which allows optimal performance in production environments was not found on the java.library.path: [/Users/lightwingng/Library/Java/Extensions:/Library/Java/Extensions:/Network/Library/Java/Extensions:/System/Library/Java/Extensions:/usr/lib/java:.]
09-Jul-2018 16:01:18.486 INFO [main] org.apache.coyote.AbstractProtocol.init Initializing ProtocolHandler ["http-nio-8080"]
09-Jul-2018 16:01:18.519 INFO [main] org.apache.tomcat.util.net.NioSelectorPool.getSharedSelector Using a shared selector for servlet write/read
09-Jul-2018 16:01:18.526 INFO [main] org.apache.coyote.AbstractProtocol.init Initializing ProtocolHandler ["ajp-nio-8009"]
09-Jul-2018 16:01:18.528 INFO [main] org.apache.tomcat.util.net.NioSelectorPool.getSharedSelector Using a shared selector for servlet write/read
09-Jul-2018 16:01:18.529 INFO [main] org.apache.catalina.startup.Catalina.load Initialization processed in 780 ms
09-Jul-2018 16:01:18.595 INFO [main] org.apache.catalina.core.StandardService.startInternal Starting service [Catalina]
09-Jul-2018 16:01:18.595 INFO [main] org.apache.catalina.core.StandardEngine.startInternal Starting Servlet Engine: Apache Tomcat/9.0.10
09-Jul-2018 16:01:18.608 INFO [main] org.apache.catalina.startup.HostConfig.deployDirectory Deploying web application directory [/Users/lightwingng/Downloads/apache-tomcat-9.0.10/webapps/docs]
09-Jul-2018 16:01:19.077 INFO [main] org.apache.catalina.startup.HostConfig.deployDirectory Deployment of web application directory [/Users/lightwingng/Downloads/apache-tomcat-9.0.10/webapps/docs] has finished in [468] ms
09-Jul-2018 16:01:19.078 INFO [main] org.apache.catalina.startup.HostConfig.deployDirectory Deploying web application directory [/Users/lightwingng/Downloads/apache-tomcat-9.0.10/webapps/manager]
09-Jul-2018 16:01:19.123 INFO [main] org.apache.catalina.startup.HostConfig.deployDirectory Deployment of web application directory [/Users/lightwingng/Downloads/apache-tomcat-9.0.10/webapps/manager] has finished in [45] ms
09-Jul-2018 16:01:19.124 INFO [main] org.apache.catalina.startup.HostConfig.deployDirectory Deploying web application directory [/Users/lightwingng/Downloads/apache-tomcat-9.0.10/webapps/examples]
09-Jul-2018 16:01:19.406 INFO [main] org.apache.catalina.startup.HostConfig.deployDirectory Deployment of web application directory [/Users/lightwingng/Downloads/apache-tomcat-9.0.10/webapps/examples] has finished in [281] ms
09-Jul-2018 16:01:19.406 INFO [main] org.apache.catalina.startup.HostConfig.deployDirectory Deploying web application directory [/Users/lightwingng/Downloads/apache-tomcat-9.0.10/webapps/ROOT]
09-Jul-2018 16:01:19.430 INFO [main] org.apache.catalina.startup.HostConfig.deployDirectory Deployment of web application directory [/Users/lightwingng/Downloads/apache-tomcat-9.0.10/webapps/ROOT] has finished in [23] ms
09-Jul-2018 16:01:19.430 INFO [main] org.apache.catalina.startup.HostConfig.deployDirectory Deploying web application directory [/Users/lightwingng/Downloads/apache-tomcat-9.0.10/webapps/host-manager]
09-Jul-2018 16:01:19.458 INFO [main] org.apache.catalina.startup.HostConfig.deployDirectory Deployment of web application directory [/Users/lightwingng/Downloads/apache-tomcat-9.0.10/webapps/host-manager] has finished in [27] ms
09-Jul-2018 16:01:19.460 INFO [main] org.apache.coyote.AbstractProtocol.start Starting ProtocolHandler ["http-nio-8080"]
09-Jul-2018 16:01:19.469 INFO [main] org.apache.coyote.AbstractProtocol.start Starting ProtocolHandler ["ajp-nio-8009"]
09-Jul-2018 16:01:19.471 INFO [main] org.apache.catalina.startup.Catalina.start Server startup in 942 ms
09-Jul-2018 16:01:51.218 INFO [main] org.apache.catalina.core.StandardServer.await A valid shutdown command was received via the shutdown port. Stopping the Server instance.
09-Jul-2018 16:01:51.219 INFO [main] org.apache.coyote.AbstractProtocol.pause Pausing ProtocolHandler ["http-nio-8080"]
09-Jul-2018 16:01:51.276 INFO [main] org.apache.coyote.AbstractProtocol.pause Pausing ProtocolHandler ["ajp-nio-8009"]
09-Jul-2018 16:01:51.334 INFO [main] org.apache.catalina.core.StandardService.stopInternal Stopping service [Catalina]
09-Jul-2018 16:01:51.369 INFO [main] org.apache.coyote.AbstractProtocol.stop Stopping ProtocolHandler ["http-nio-8080"]
09-Jul-2018 16:01:51.374 INFO [main] org.apache.coyote.AbstractProtocol.stop Stopping ProtocolHandler ["ajp-nio-8009"]
09-Jul-2018 16:01:51.377 INFO [main] org.apache.coyote.AbstractProtocol.destroy Destroying ProtocolHandler ["http-nio-8080"]
09-Jul-2018 16:01:51.378 INFO [main] org.apache.coyote.AbstractProtocol.destroy Destroying ProtocolHandler ["ajp-nio-8009"]
